+++++++ +++++++ +++++++ +++++++ +++++++ +++++++ +++++++ +++++++ +++++++ +++++++ 
+++++++ +++++++ Sat Nov  1 15:22:29 2025
+++++++ +++++++ OS: 10.0   (x64)
>> main: DeviceHWID --> root\VID_1234&PID_BEAD&REV_0222 ; InfFile --> vJoy.inf
+++++++ +++++++ +++++++ +++++++ +++++++ +++++++ +++++++ +++++++ +++++++ +++++++ 
+++++++ +++++++ Sat Nov  1 15:22:39 2025
+++++++ +++++++ OS: 10.0   (x64)
>> main: DeviceHWID --> root\VID_1234&PID_BEAD&REV_0222 ; InfFile --> vJoy.inf
+++++++ +++++++ +++++++ +++++++ +++++++ +++++++ +++++++ +++++++ +++++++ +++++++ 
+++++++ +++++++ Sat Nov  1 15:29:01 2025
+++++++ +++++++ OS: 10.0   (x64)
>> main: DeviceHWID --> root\VID_1234&PID_BEAD&REV_0222 ; InfFile --> vJoy.inf
+++++++ +++++++ +++++++ +++++++ +++++++ +++++++ +++++++ +++++++ +++++++ +++++++ 
+++++++ +++++++ Sat Nov  1 15:31:18 2025
+++++++ +++++++ OS: 10.0   (x64)
>> main: DeviceHWID --> /VERYSILENT ; InfFile --> /SILENT
+++++++ +++++++ +++++++ +++++++ +++++++ +++++++ +++++++ +++++++ +++++++ +++++++ 
+++++++ +++++++ Sat Nov  1 15:32:48 2025
+++++++ +++++++ OS: 10.0   (x64)
>> main: DeviceHWID --> /NORESTART ; InfFile --> /SILENT
+++++++ +++++++ +++++++ +++++++ +++++++ +++++++ +++++++ +++++++ +++++++ +++++++ 
+++++++ +++++++ Sat Nov  1 15:33:34 2025
+++++++ +++++++ OS: 10.0   (x64)
>> main: DeviceHWID --> root\VID_1234&PID_BEAD&REV_0222 ; InfFile --> /NORESTART
+++++++ +++++++ +++++++ +++++++ +++++++ +++++++ +++++++ +++++++ +++++++ +++++++ 
+++++++ +++++++ Sat Nov  1 15:34:28 2025
+++++++ +++++++ OS: 10.0   (x64)
>> main: DeviceHWID --> root\VID_1234&PID_BEAD&REV_0222 ; InfFile --> vJoy.inf
[I]  FindInstalled: Searching for HWID root\VID_1234&PID_BEAD&REV_0222
[I]  FindInstalled: Searching for HWID root\VID_1234&PID_BEAD
[I]  Install: GetFullPathName --> c:\Users\henrik\Downloads\git\easy-control\vJoy.inf 
[I]  Install: hwIdList --> root\VID_1234&PID_BEAD&REV_0222
[E]  SetupDiGetINFClass failed with error: A rendszer nem találja a megadott fájlt.

[E]  Install failed
+++++++ +++++++ +++++++ +++++++ +++++++ +++++++ +++++++ +++++++ +++++++ +++++++ 
+++++++ +++++++ Sat Nov  1 15:35:50 2025
+++++++ +++++++ OS: 10.0   (x64)
>> main: DeviceHWID --> root\VID_1234&PID_BEAD&REV_0222 ; InfFile --> vJoy.inf
[I]  FindInstalled: Searching for HWID root\VID_1234&PID_BEAD&REV_0222
[I]  FindInstalled: Searching for HWID root\VID_1234&PID_BEAD
[I]  Install: GetFullPathName --> c:\Users\henrik\Downloads\git\easy-control\vJoy.inf 
[I]  Install: hwIdList --> root\VID_1234&PID_BEAD&REV_0222
[E]  SetupDiGetINFClass failed with error: A rendszer nem találja a megadott fájlt.

[E]  Install failed
+++++++ +++++++ +++++++ +++++++ +++++++ +++++++ +++++++ +++++++ +++++++ +++++++ 
+++++++ +++++++ Sat Nov  1 15:38:22 2025
+++++++ +++++++ OS: 10.0   (x64)
>> main: DeviceHWID --> root\VID_1234&PID_BEAD&REV_0222 ; InfFile --> vJoy.inf
[I]  FindInstalled: Searching for HWID root\VID_1234&PID_BEAD&REV_0222
[I]  FindInstalled: Searching for HWID root\VID_1234&PID_BEAD
[I]  Install: GetFullPathName --> c:\Users\henrik\Downloads\git\easy-control\vJoy.inf 
[I]  Install: hwIdList --> root\VID_1234&PID_BEAD&REV_0222
[E]  SetupDiGetINFClass failed with error: A rendszer nem találja a megadott fájlt.

[E]  Install failed
+++++++ +++++++ +++++++ +++++++ +++++++ +++++++ +++++++ +++++++ +++++++ +++++++ 
+++++++ +++++++ Sat Nov  1 15:39:54 2025
+++++++ +++++++ OS: 10.0   (x64)
>> main: DeviceHWID --> root\VID_1234&PID_BEAD&REV_0222 ; InfFile --> vJoy.inf
+++++++ +++++++ +++++++ +++++++ +++++++ +++++++ +++++++ +++++++ +++++++ +++++++ 
+++++++ +++++++ Sat Nov  1 15:41:16 2025
+++++++ +++++++ OS: 10.0   (x64)
>> main: DeviceHWID --> root\VID_1234&PID_BEAD&REV_0222 ; InfFile --> vJoy.inf
+++++++ +++++++ +++++++ +++++++ +++++++ +++++++ +++++++ +++++++ +++++++ +++++++ 
+++++++ +++++++ Sat Nov  1 15:43:11 2025
+++++++ +++++++ OS: 10.0   (x64)
>> main: DeviceHWID --> root\VID_1234&PID_BEAD&REV_0222 ; InfFile --> vJoy.inf
